GET /reviews 20-12-2023_01:21:02
GET / 20-12-2023_01:21:17
GET /reviews 20-12-2023_01:21:38
GET /reviews 20-12-2023_01:22:31
GET /reviewsl 20-12-2023_01:25:18
GET /reviews 20-12-2023_01:25:28
GET /reviews 20-12-2023_01:58:54
GET /reviews 20-12-2023_02:16:17
GET /reviews 20-12-2023_02:17:43
GET /reviews 20-12-2023_02:17:44
GET /reviews 20-12-2023_02:17:47
GET /reviews 20-12-2023_02:18:44
GET /reviews 20-12-2023_02:20:01
GET /reviews 20-12-2023_02:20:19
GET /reviews 21-12-2023_10:29:31
GET /favicon.ico 21-12-2023_10:29:32
GET /reviews 21-12-2023_10:42:27
GET /reviews 21-12-2023_10:44:01
GET /reviews 21-12-2023_10:48:21
PUT /api/reviews 21-12-2023_12:24:14
PUT /api/reviews 21-12-2023_12:24:33
PUT /api/reviews 21-12-2023_12:25:21
GET /api 21-12-2023_01:32:37
GET / 21-12-2023_06:39:55
GET /favicon.ico 21-12-2023_06:39:55
GET /reviews 21-12-2023_06:40:13
GET /reviews 21-12-2023_06:40:22
GET /favicon.ico 22-12-2023_11:03:17
GET / 22-12-2023_11:19:30
GET /favicon.ico 22-12-2023_11:19:32
GET /api/reviews/65847b4a84ef5f04fc2662a2 23-12-2023_04:41:25
POST /api/reviews 23-12-2023_04:58:27
POST /api/reviews 23-12-2023_04:58:46
GET / 23-12-2023_10:16:09
GET /favicon.ico 23-12-2023_10:16:11